0 info it worked if it ends with ok
1 verbose cli [
1 verbose cli   '/var/jenkins_home/tools/jenkins.plugins.nodejs.tools.NodeJSInstallation/node/bin/node',
1 verbose cli   '/var/jenkins_home/tools/jenkins.plugins.nodejs.tools.NodeJSInstallation/node/bin/npm',
1 verbose cli   'audit',
1 verbose cli   'fix'
1 verbose cli ]
2 info using npm@6.14.4
3 info using node@v13.12.0
4 verbose npm-session d8b43384bdf14fb3
5 verbose stack Error: Neither npm-shrinkwrap.json nor package-lock.json found: Cannot audit a project without a lockfile
5 verbose stack     at /var/jenkins_home/tools/jenkins.plugins.nodejs.tools.NodeJSInstallation/node/lib/node_modules/npm/lib/audit.js:169:19
5 verbose stack     at tryCatcher (/var/jenkins_home/tools/jenkins.plugins.nodejs.tools.NodeJSInstallation/node/lib/node_modules/npm/node_modules/bluebird/js/release/util.js:16:23)
5 verbose stack     at Promise._settlePromiseFromHandler (/var/jenkins_home/tools/jenkins.plugins.nodejs.tools.NodeJSInstallation/node/lib/node_modules/npm/node_modules/bluebird/js/release/promise.js:514:35)
5 verbose stack     at Promise._settlePromise (/var/jenkins_home/tools/jenkins.plugins.nodejs.tools.NodeJSInstallation/node/lib/node_modules/npm/node_modules/bluebird/js/release/promise.js:574:18)
5 verbose stack     at Promise._settlePromise0 (/var/jenkins_home/tools/jenkins.plugins.nodejs.tools.NodeJSInstallation/node/lib/node_modules/npm/node_modules/bluebird/js/release/promise.js:619:10)
5 verbose stack     at Promise._settlePromises (/var/jenkins_home/tools/jenkins.plugins.nodejs.tools.NodeJSInstallation/node/lib/node_modules/npm/node_modules/bluebird/js/release/promise.js:699:18)
5 verbose stack     at Promise._fulfill (/var/jenkins_home/tools/jenkins.plugins.nodejs.tools.NodeJSInstallation/node/lib/node_modules/npm/node_modules/bluebird/js/release/promise.js:643:18)
5 verbose stack     at PromiseArray._resolve (/var/jenkins_home/tools/jenkins.plugins.nodejs.tools.NodeJSInstallation/node/lib/node_modules/npm/node_modules/bluebird/js/release/promise_array.js:126:19)
5 verbose stack     at PromiseArray._promiseFulfilled (/var/jenkins_home/tools/jenkins.plugins.nodejs.tools.NodeJSInstallation/node/lib/node_modules/npm/node_modules/bluebird/js/release/promise_array.js:144:14)
5 verbose stack     at PromiseArray._iterate (/var/jenkins_home/tools/jenkins.plugins.nodejs.tools.NodeJSInstallation/node/lib/node_modules/npm/node_modules/bluebird/js/release/promise_array.js:114:31)
5 verbose stack     at PromiseArray.init [as _init] (/var/jenkins_home/tools/jenkins.plugins.nodejs.tools.NodeJSInstallation/node/lib/node_modules/npm/node_modules/bluebird/js/release/promise_array.js:78:10)
5 verbose stack     at Promise._settlePromise (/var/jenkins_home/tools/jenkins.plugins.nodejs.tools.NodeJSInstallation/node/lib/node_modules/npm/node_modules/bluebird/js/release/promise.js:571:21)
5 verbose stack     at Promise._settlePromise0 (/var/jenkins_home/tools/jenkins.plugins.nodejs.tools.NodeJSInstallation/node/lib/node_modules/npm/node_modules/bluebird/js/release/promise.js:619:10)
5 verbose stack     at Promise._settlePromises (/var/jenkins_home/tools/jenkins.plugins.nodejs.tools.NodeJSInstallation/node/lib/node_modules/npm/node_modules/bluebird/js/release/promise.js:699:18)
5 verbose stack     at Promise._fulfill (/var/jenkins_home/tools/jenkins.plugins.nodejs.tools.NodeJSInstallation/node/lib/node_modules/npm/node_modules/bluebird/js/release/promise.js:643:18)
5 verbose stack     at PromiseArray._resolve (/var/jenkins_home/tools/jenkins.plugins.nodejs.tools.NodeJSInstallation/node/lib/node_modules/npm/node_modules/bluebird/js/release/promise_array.js:126:19)
6 verbose cwd /var/jenkins_home/workspace/Test1
7 verbose Linux 5.3.0-45-generic
8 verbose argv "/var/jenkins_home/tools/jenkins.plugins.nodejs.tools.NodeJSInstallation/node/bin/node" "/var/jenkins_home/tools/jenkins.plugins.nodejs.tools.NodeJSInstallation/node/bin/npm" "audit" "fix"
9 verbose node v13.12.0
10 verbose npm  v6.14.4
11 error code EAUDITNOLOCK
12 error audit Neither npm-shrinkwrap.json nor package-lock.json found: Cannot audit a project without a lockfile
13 error audit Try creating one first with: npm i --package-lock-only
14 verbose exit [ 1, true ]
