0 info it worked if it ends with ok
1 verbose cli [
1 verbose cli   '/var/jenkins_home/tools/jenkins.plugins.nodejs.tools.NodeJSInstallation/node/bin/node',
1 verbose cli   '/var/jenkins_home/tools/jenkins.plugins.nodejs.tools.NodeJSInstallation/node/bin/npm',
1 verbose cli   'start'
1 verbose cli ]
2 info using npm@6.14.4
3 info using node@v13.12.0
4 verbose stack Error: ENOENT: no such file or directory, open '/var/jenkins_home/workspace/Test/package.json'
5 verbose cwd /var/jenkins_home/workspace/Test
6 verbose Linux 5.3.0-45-generic
7 verbose argv "/var/jenkins_home/tools/jenkins.plugins.nodejs.tools.NodeJSInstallation/node/bin/node" "/var/jenkins_home/tools/jenkins.plugins.nodejs.tools.NodeJSInstallation/node/bin/npm" "start"
8 verbose node v13.12.0
9 verbose npm  v6.14.4
10 error code ENOENT
11 error syscall open
12 error path /var/jenkins_home/workspace/Test/package.json
13 error errno -2
14 error enoent ENOENT: no such file or directory, open '/var/jenkins_home/workspace/Test/package.json'
15 error enoent This is related to npm not being able to find a file.
16 verbose exit [ -2, true ]
