Started at Tue Apr 07 19:32:35 UTC 2020
Processing Test1
Offering Test1 to Project Build Discarder
Test1 accepted by Project Build Discarder
Finished at Tue Apr 07 19:32:35 UTC 2020. 4ms
Started at Tue Apr 07 20:32:35 UTC 2020
Processing Test1
Offering Test1 to Project Build Discarder
Test1 accepted by Project Build Discarder
Finished at Tue Apr 07 20:32:35 UTC 2020. 1ms
Started at Tue Apr 07 21:32:35 UTC 2020
Processing Test1
Offering Test1 to Project Build Discarder
Finished at Tue Apr 07 21:32:35 UTC 2020. 1ms
Started at Tue Apr 07 22:32:35 UTC 2020
Processing Test1
Offering Test1 to Project Build Discarder
Finished at Tue Apr 07 22:32:35 UTC 2020. 0ms
Started at Tue Apr 07 23:32:35 UTC 2020
Processing Test1
Offering Test1 to Project Build Discarder
Finished at Tue Apr 07 23:32:35 UTC 2020. 2ms
Started at Wed Apr 08 00:32:35 UTC 2020
Processing Test1
Offering Test1 to Project Build Discarder
Finished at Wed Apr 08 00:32:35 UTC 2020. 0ms
Started at Wed Apr 08 01:32:35 UTC 2020
Processing Test1
Offering Test1 to Project Build Discarder
Finished at Wed Apr 08 01:32:35 UTC 2020. 0ms
Started at Wed Apr 08 02:32:35 UTC 2020
Processing Test1
Offering Test1 to Project Build Discarder
Finished at Wed Apr 08 02:32:35 UTC 2020. 0ms
Started at Wed Apr 08 03:32:35 UTC 2020
Processing Test1
Offering Test1 to Project Build Discarder
Finished at Wed Apr 08 03:32:35 UTC 2020. 0ms
Started at Wed Apr 08 04:32:35 UTC 2020
Processing Test1
Offering Test1 to Project Build Discarder
Finished at Wed Apr 08 04:32:35 UTC 2020. 1ms
Started at Wed Apr 08 05:32:35 UTC 2020
Processing Test1
Offering Test1 to Project Build Discarder
Finished at Wed Apr 08 05:32:35 UTC 2020. 0ms
Started at Wed Apr 08 06:32:35 UTC 2020
Processing Test1
Offering Test1 to Project Build Discarder
Finished at Wed Apr 08 06:32:35 UTC 2020. 0ms
